<?xml version="1.0" encoding="UTF-8"?>
<!-- Generated by org.testng.reporters.JUnitXMLReporter -->
<testsuite ignored="0" hostname="Khosruz" failures="1" tests="6" name="Regression Suit for Students" time="0.351" errors="0" timestamp="2024-02-21T22:44:42 EST">
  <testcase classname="com.College.Tests.StudentsCrudTest" name="getAllStudents" time="0.046"/>
  <testcase classname="com.College.Tests.StudentsCrudTest" name="getSingleRecordById" time="0.046"/>
  <testcase classname="com.College.Tests.StudentsCrudTest" name="getSingleRecordByFiresName" time="0.094">
    <failure type="java.lang.AssertionError" message="1 expectation failed.
JSON path firstName[1] doesn&amp;apos;t match.
Expected: Carmel
  Actual: Johnathan
">
      <![CDATA[java.lang.AssertionError: 1 expectation failed.
JSON path firstName[1] doesn't match.
Expected: Carmel
  Actual: Johnathan

at org.codehaus.groovy.runtime.callsite.ConstructorSite$ConstructorSiteNoUnwrapNoCoerce.callConstructor(ConstructorSite.java:108)
at org.codehaus.groovy.runtime.callsite.CallSiteArray.defaultCallConstructor(CallSiteArray.java:58)
at org.codehaus.groovy.runtime.callsite.AbstractCallSite.callConstructor(AbstractCallSite.java:263)
at org.codehaus.groovy.runtime.callsite.AbstractCallSite.callConstructor(AbstractCallSite.java:277)
at io.restassured.internal.ResponseSpecificationImpl$HamcrestAssertionClosure.validate(ResponseSpecificationImpl.groovy:505)
at io.restassured.internal.ResponseSpecificationImpl$HamcrestAssertionClosure$validate$1.call(Unknown Source)
at io.restassured.internal.ResponseSpecificationImpl.validateResponseIfRequired(ResponseSpecificationImpl.groovy:687)
at io.restassured.internal.ResponseSpecificationImpl.this$2$validateResponseIfRequired(ResponseSpecificationImpl.groovy)
at org.codehaus.groovy.runtime.callsite.PlainObjectMetaMethodSite.doInvoke(PlainObjectMetaMethodSite.java:43)
at org.codehaus.groovy.runtime.callsite.PogoMetaMethodSite$PogoCachedMethodSiteNoUnwrapNoCoerce.invoke(PogoMetaMethodSite.java:198)
at org.codehaus.groovy.runtime.callsite.PogoMetaMethodSite.callCurrent(PogoMetaMethodSite.java:62)
at org.codehaus.groovy.runtime.callsite.AbstractCallSite.callCurrent(AbstractCallSite.java:185)
at io.restassured.internal.ResponseSpecificationImpl.body(ResponseSpecificationImpl.groovy:263)
at io.restassured.specification.ResponseSpecification$body$0.callCurrent(Unknown Source)
at io.restassured.internal.ResponseSpecificationImpl.body(ResponseSpecificationImpl.groovy:110)
at io.restassured.internal.ValidatableResponseOptionsImpl.body(ValidatableResponseOptionsImpl.java:244)
at com.College.Helper.StudentsServiceHelper.getParticulerRecordByName(StudentsServiceHelper.java:96)
at com.College.Tests.StudentsCrudTest.getSingleRecordByFiresName(StudentsCrudTest.java:51)
at java.base/java.util.ArrayList.forEach(ArrayList.java:1511)
... Removed 37 stack frames]]>
    </failure>
  </testcase> <!-- getSingleRecordByFiresName -->
  <testcase classname="com.College.Tests.StudentsCrudTest" name="createStudentDataTest" time="0.051"/>
  <testcase classname="com.College.Tests.StudentsCrudTest" name="updateStudentData" time="0.053"/>
  <testcase classname="com.College.Tests.StudentsCrudTest" name="deleteSingleRecord" time="0.049"/>
</testsuite> <!-- Regression Suit for Students -->
