<?xml version="1.0" encoding="UTF-8"?>
<!-- Generated by org.testng.reporters.JUnitXMLReporter -->
<testsuite ignored="0" hostname="Khosruz" failures="2" tests="6" name="Test" time="3.172" errors="0" timestamp="2024-02-04T22:33:23 EST">
  <testcase classname="com.College.Tests.FacultiesCrudOps" name="getFaculties" time="1.391"/>
  <testcase classname="com.College.Tests.FacultiesCrudOps" name="getSingleRecordById" time="0.061"/>
  <testcase classname="com.College.Tests.FacultiesCrudOps" name="getSingleRecordByFiresName" time="0.731">
    <failure type="java.lang.AssertionError" message="1 expectation failed.
JSON path firstName[1] doesn&amp;apos;t match.
Expected: Jordane
  Actual: Lamar
">
      <![CDATA[java.lang.AssertionError: 1 expectation failed.
JSON path firstName[1] doesn't match.
Expected: Jordane
  Actual: Lamar

at org.codehaus.groovy.runtime.callsite.ConstructorSite$ConstructorSiteNoUnwrapNoCoerce.callConstructor(ConstructorSite.java:108)
at org.codehaus.groovy.runtime.callsite.CallSiteArray.defaultCallConstructor(CallSiteArray.java:58)
at org.codehaus.groovy.runtime.callsite.AbstractCallSite.callConstructor(AbstractCallSite.java:263)
at org.codehaus.groovy.runtime.callsite.AbstractCallSite.callConstructor(AbstractCallSite.java:277)
at io.restassured.internal.ResponseSpecificationImpl$HamcrestAssertionClosure.validate(ResponseSpecificationImpl.groovy:505)
at io.restassured.internal.ResponseSpecificationImpl$HamcrestAssertionClosure$validate$1.call(Unknown Source)
at org.codehaus.groovy.runtime.callsite.CallSiteArray.defaultCall(CallSiteArray.java:46)
at org.codehaus.groovy.runtime.callsite.AbstractCallSite.call(AbstractCallSite.java:125)
at org.codehaus.groovy.runtime.callsite.AbstractCallSite.call(AbstractCallSite.java:139)
at io.restassured.internal.ResponseSpecificationImpl.validateResponseIfRequired(ResponseSpecificationImpl.groovy:687)
at io.restassured.internal.ResponseSpecificationImpl.this$2$validateResponseIfRequired(ResponseSpecificationImpl.groovy)
at org.codehaus.groovy.runtime.callsite.PlainObjectMetaMethodSite.doInvoke(PlainObjectMetaMethodSite.java:43)
at org.codehaus.groovy.runtime.callsite.PogoMetaMethodSite$PogoCachedMethodSiteNoUnwrapNoCoerce.invoke(PogoMetaMethodSite.java:198)
at org.codehaus.groovy.runtime.callsite.PogoMetaMethodSite.callCurrent(PogoMetaMethodSite.java:62)
at org.codehaus.groovy.runtime.callsite.CallSiteArray.defaultCallCurrent(CallSiteArray.java:50)
at org.codehaus.groovy.runtime.callsite.AbstractCallSite.callCurrent(AbstractCallSite.java:171)
at org.codehaus.groovy.runtime.callsite.AbstractCallSite.callCurrent(AbstractCallSite.java:185)
at io.restassured.internal.ResponseSpecificationImpl.body(ResponseSpecificationImpl.groovy:263)
at io.restassured.specification.ResponseSpecification$body$0.callCurrent(Unknown Source)
at org.codehaus.groovy.runtime.callsite.CallSiteArray.defaultCallCurrent(CallSiteArray.java:50)
at org.codehaus.groovy.runtime.callsite.AbstractCallSite.callCurrent(AbstractCallSite.java:171)
at org.codehaus.groovy.runtime.callsite.AbstractCallSite.callCurrent(AbstractCallSite.java:212)
at io.restassured.internal.ResponseSpecificationImpl.body(ResponseSpecificationImpl.groovy:110)
at io.restassured.internal.ValidatableResponseOptionsImpl.body(ValidatableResponseOptionsImpl.java:244)
at com.College.Helper.FacultiesServiceHelper.getParticulerRecordByName(FacultiesServiceHelper.java:81)
at com.College.Tests.FacultiesCrudOps.getSingleRecordByFiresName(FacultiesCrudOps.java:52)
at java.base/java.util.ArrayList.forEach(ArrayList.java:1511)
... Removed 37 stack frames]]>
    </failure>
  </testcase> <!-- getSingleRecordByFiresName -->
  <testcase classname="com.College.Tests.FacultiesCrudOps" name="createFaculty" time="0.28">
    <failure type="java.lang.NullPointerException" message="Cannot invoke &amp;quot;io.restassured.specification.RequestSpecification.post()&amp;quot; because &amp;quot;com.College.Helper.FacultiesServiceHelper.requestSpecifications&amp;quot; is null">
      <![CDATA[java.lang.NullPointerException: Cannot invoke "io.restassured.specification.RequestSpecification.post()" because "com.College.Helper.FacultiesServiceHelper.requestSpecifications" is null
at com.College.Helper.FacultiesServiceHelper.createFaculty(FacultiesServiceHelper.java:108)
at com.College.Tests.FacultiesCrudOps.createFaculty(FacultiesCrudOps.java:58)
at java.base/java.util.ArrayList.forEach(ArrayList.java:1511)
... Removed 27 stack frames]]>
    </failure>
  </testcase> <!-- createFaculty -->
  <testcase classname="com.College.Tests.FacultiesCrudOps" name="updateFacultyData" time="0.065"/>
  <testcase classname="com.College.Tests.FacultiesCrudOps" name="deleteSingleRecord" time="0.039"/>
</testsuite> <!-- Test -->
