<?xml version="1.0" encoding="UTF-8"?>
<testng-results ignored="0" total="12" passed="10" failed="2" skipped="0">
  <reporter-output>
  </reporter-output>
  <suite started-at="2024-02-21T22:44:38 EST" name="Suite" finished-at="2024-02-21T22:44:42 EST" duration-ms="3507">
    <groups>
    </groups>
    <test started-at="2024-02-21T22:44:38 EST" name="Regression Suit for Faculties" finished-at="2024-02-21T22:44:41 EST" duration-ms="3118">
      <class name="com.College.Tests.FacultiesCrudOps">
        <test-method is-config="true" signature="initialization()[pri:0, instance:com.College.Tests.FacultiesCrudOps@7d0b7e3c]" started-at="2024-02-21T22:44:38 EST" name="initialization" finished-at="2024-02-21T22:44:39 EST" duration-ms="625" status="PASS">
          <reporter-output>
          </reporter-output>
        </test-method> <!-- initialization -->
        <test-method signature="getFaculties()[pri:0, instance:com.College.Tests.FacultiesCrudOps@7d0b7e3c]" started-at="2024-02-21T22:44:39 EST" name="getFaculties" finished-at="2024-02-21T22:44:40 EST" duration-ms="1198" status="PASS">
          <reporter-output>
          </reporter-output>
        </test-method> <!-- getFaculties -->
        <test-method signature="getSingleRecordById()[pri:0, instance:com.College.Tests.FacultiesCrudOps@7d0b7e3c]" started-at="2024-02-21T22:44:40 EST" name="getSingleRecordById" finished-at="2024-02-21T22:44:40 EST" duration-ms="47" status="PASS">
          <reporter-output>
          </reporter-output>
        </test-method> <!-- getSingleRecordById -->
        <test-method signature="getSingleRecordByFiresName()[pri:0, instance:com.College.Tests.FacultiesCrudOps@7d0b7e3c]" started-at="2024-02-21T22:44:40 EST" name="getSingleRecordByFiresName" finished-at="2024-02-21T22:44:41 EST" duration-ms="690" status="PASS">
          <reporter-output>
          </reporter-output>
        </test-method> <!-- getSingleRecordByFiresName -->
        <test-method signature="createFaculty()[pri:0, instance:com.College.Tests.FacultiesCrudOps@7d0b7e3c]" started-at="2024-02-21T22:44:41 EST" name="createFaculty" finished-at="2024-02-21T22:44:41 EST" duration-ms="375" status="FAIL">
          <exception class="java.lang.NullPointerException">
            <message>
              <![CDATA[Cannot invoke "io.restassured.specification.RequestSpecification.post()" because "com.College.Helper.FacultiesServiceHelper.requestSpecifications" is null]]>
            </message>
            <full-stacktrace>
              <![CDATA[java.lang.NullPointerException: Cannot invoke "io.restassured.specification.RequestSpecification.post()" because "com.College.Helper.FacultiesServiceHelper.requestSpecifications" is null
at com.College.Helper.FacultiesServiceHelper.createFaculty(FacultiesServiceHelper.java:110)
at com.College.Tests.FacultiesCrudOps.createFaculty(FacultiesCrudOps.java:59)
at java.base/jdk.internal.reflect.NativeMethodAccessorImpl.invoke0(Native Method)
at java.base/jdk.internal.reflect.NativeMethodAccessorImpl.invoke(NativeMethodAccessorImpl.java:77)
at java.base/jdk.internal.reflect.DelegatingMethodAccessorImpl.invoke(DelegatingMethodAccessorImpl.java:43)
at java.base/java.lang.reflect.Method.invoke(Method.java:568)
at org.testng.internal.invokers.MethodInvocationHelper.invokeMethod(MethodInvocationHelper.java:139)
at org.testng.internal.invokers.TestInvoker.invokeMethod(TestInvoker.java:664)
at org.testng.internal.invokers.TestInvoker.invokeTestMethod(TestInvoker.java:227)
at org.testng.internal.invokers.MethodRunner.runInSequence(MethodRunner.java:50)
at org.testng.internal.invokers.TestInvoker$MethodInvocationAgent.invoke(TestInvoker.java:957)
at org.testng.internal.invokers.TestInvoker.invokeTestMethods(TestInvoker.java:200)
at org.testng.internal.invokers.TestMethodWorker.invokeTestMethods(TestMethodWorker.java:148)
at org.testng.internal.invokers.TestMethodWorker.run(TestMethodWorker.java:128)
at java.base/java.util.ArrayList.forEach(ArrayList.java:1511)
at org.testng.TestRunner.privateRun(TestRunner.java:848)
at org.testng.TestRunner.run(TestRunner.java:621)
at org.testng.SuiteRunner.runTest(SuiteRunner.java:443)
at org.testng.SuiteRunner.runSequentially(SuiteRunner.java:437)
at org.testng.SuiteRunner.privateRun(SuiteRunner.java:397)
at org.testng.SuiteRunner.run(SuiteRunner.java:336)
at org.testng.SuiteRunnerWorker.runSuite(SuiteRunnerWorker.java:52)
at org.testng.SuiteRunnerWorker.run(SuiteRunnerWorker.java:95)
at org.testng.TestNG.runSuitesSequentially(TestNG.java:1280)
at org.testng.TestNG.runSuitesLocally(TestNG.java:1200)
at org.testng.TestNG.runSuites(TestNG.java:1114)
at org.testng.TestNG.run(TestNG.java:1082)
at org.testng.remote.AbstractRemoteTestNG.run(AbstractRemoteTestNG.java:115)
at org.testng.remote.RemoteTestNG.initAndRun(RemoteTestNG.java:251)
at org.testng.remote.RemoteTestNG.main(RemoteTestNG.java:77)
]]>
            </full-stacktrace>
          </exception> <!-- java.lang.NullPointerException -->
          <reporter-output>
          </reporter-output>
        </test-method> <!-- createFaculty -->
        <test-method signature="updateFacultyData()[pri:0, instance:com.College.Tests.FacultiesCrudOps@7d0b7e3c]" started-at="2024-02-21T22:44:41 EST" name="updateFacultyData" finished-at="2024-02-21T22:44:41 EST" duration-ms="84" status="PASS">
          <reporter-output>
          </reporter-output>
        </test-method> <!-- updateFacultyData -->
        <test-method signature="deleteSingleRecord()[pri:0, instance:com.College.Tests.FacultiesCrudOps@7d0b7e3c]" started-at="2024-02-21T22:44:41 EST" name="deleteSingleRecord" finished-at="2024-02-21T22:44:41 EST" duration-ms="33" status="PASS">
          <reporter-output>
          </reporter-output>
        </test-method> <!-- deleteSingleRecord -->
      </class> <!-- com.College.Tests.FacultiesCrudOps -->
    </test> <!-- Regression Suit for Faculties -->
    <test started-at="2024-02-21T22:44:41 EST" name="Regression Suit for Students" finished-at="2024-02-21T22:44:42 EST" duration-ms="351">
      <class name="com.College.Tests.StudentsCrudTest">
        <test-method is-config="true" signature="initialization()[pri:0, instance:com.College.Tests.StudentsCrudTest@5b218417]" started-at="2024-02-21T22:44:41 EST" name="initialization" finished-at="2024-02-21T22:44:41 EST" duration-ms="3" status="PASS">
          <reporter-output>
          </reporter-output>
        </test-method> <!-- initialization -->
        <test-method signature="getAllStudents()[pri:0, instance:com.College.Tests.StudentsCrudTest@5b218417]" started-at="2024-02-21T22:44:41 EST" name="getAllStudents" finished-at="2024-02-21T22:44:41 EST" duration-ms="46" status="PASS">
          <reporter-output>
          </reporter-output>
        </test-method> <!-- getAllStudents -->
        <test-method signature="getSingleRecordById()[pri:0, instance:com.College.Tests.StudentsCrudTest@5b218417]" started-at="2024-02-21T22:44:41 EST" name="getSingleRecordById" finished-at="2024-02-21T22:44:41 EST" duration-ms="46" status="PASS">
          <reporter-output>
          </reporter-output>
        </test-method> <!-- getSingleRecordById -->
        <test-method signature="getSingleRecordByFiresName()[pri:0, instance:com.College.Tests.StudentsCrudTest@5b218417]" started-at="2024-02-21T22:44:41 EST" name="getSingleRecordByFiresName" finished-at="2024-02-21T22:44:41 EST" duration-ms="94" status="FAIL">
          <exception class="java.lang.AssertionError">
            <message>
              <![CDATA[1 expectation failed.
JSON path firstName[1] doesn't match.
Expected: Carmel
  Actual: Johnathan
]]>
            </message>
            <full-stacktrace>
              <![CDATA[java.lang.AssertionError: 1 expectation failed.
JSON path firstName[1] doesn't match.
Expected: Carmel
  Actual: Johnathan

at java.base/jdk.internal.reflect.NativeConstructorAccessorImpl.newInstance0(Native Method)
at java.base/jdk.internal.reflect.NativeConstructorAccessorImpl.newInstance(NativeConstructorAccessorImpl.java:77)
at java.base/jdk.internal.reflect.DelegatingConstructorAccessorImpl.newInstance(DelegatingConstructorAccessorImpl.java:45)
at java.base/java.lang.reflect.Constructor.newInstanceWithCaller(Constructor.java:499)
at java.base/java.lang.reflect.Constructor.newInstance(Constructor.java:480)
at org.codehaus.groovy.reflection.CachedConstructor.invoke(CachedConstructor.java:73)
at org.codehaus.groovy.runtime.callsite.ConstructorSite$ConstructorSiteNoUnwrapNoCoerce.callConstructor(ConstructorSite.java:108)
at org.codehaus.groovy.runtime.callsite.CallSiteArray.defaultCallConstructor(CallSiteArray.java:58)
at org.codehaus.groovy.runtime.callsite.AbstractCallSite.callConstructor(AbstractCallSite.java:263)
at org.codehaus.groovy.runtime.callsite.AbstractCallSite.callConstructor(AbstractCallSite.java:277)
at io.restassured.internal.ResponseSpecificationImpl$HamcrestAssertionClosure.validate(ResponseSpecificationImpl.groovy:505)
at io.restassured.internal.ResponseSpecificationImpl$HamcrestAssertionClosure$validate$1.call(Unknown Source)
at io.restassured.internal.ResponseSpecificationImpl.validateResponseIfRequired(ResponseSpecificationImpl.groovy:687)
at io.restassured.internal.ResponseSpecificationImpl.this$2$validateResponseIfRequired(ResponseSpecificationImpl.groovy)
at java.base/jdk.internal.reflect.NativeMethodAccessorImpl.invoke0(Native Method)
at java.base/jdk.internal.reflect.NativeMethodAccessorImpl.invoke(NativeMethodAccessorImpl.java:77)
at java.base/jdk.internal.reflect.DelegatingMethodAccessorImpl.invoke(DelegatingMethodAccessorImpl.java:43)
at java.base/java.lang.reflect.Method.invoke(Method.java:568)
at org.codehaus.groovy.runtime.callsite.PlainObjectMetaMethodSite.doInvoke(PlainObjectMetaMethodSite.java:43)
at org.codehaus.groovy.runtime.callsite.PogoMetaMethodSite$PogoCachedMethodSiteNoUnwrapNoCoerce.invoke(PogoMetaMethodSite.java:198)
at org.codehaus.groovy.runtime.callsite.PogoMetaMethodSite.callCurrent(PogoMetaMethodSite.java:62)
at org.codehaus.groovy.runtime.callsite.AbstractCallSite.callCurrent(AbstractCallSite.java:185)
at io.restassured.internal.ResponseSpecificationImpl.body(ResponseSpecificationImpl.groovy:263)
at io.restassured.specification.ResponseSpecification$body$0.callCurrent(Unknown Source)
at io.restassured.internal.ResponseSpecificationImpl.body(ResponseSpecificationImpl.groovy:110)
at io.restassured.internal.ValidatableResponseOptionsImpl.body(ValidatableResponseOptionsImpl.java:244)
at com.College.Helper.StudentsServiceHelper.getParticulerRecordByName(StudentsServiceHelper.java:96)
at com.College.Tests.StudentsCrudTest.getSingleRecordByFiresName(StudentsCrudTest.java:51)
at java.base/jdk.internal.reflect.NativeMethodAccessorImpl.invoke0(Native Method)
at java.base/jdk.internal.reflect.NativeMethodAccessorImpl.invoke(NativeMethodAccessorImpl.java:77)
at java.base/jdk.internal.reflect.DelegatingMethodAccessorImpl.invoke(DelegatingMethodAccessorImpl.java:43)
at java.base/java.lang.reflect.Method.invoke(Method.java:568)
at org.testng.internal.invokers.MethodInvocationHelper.invokeMethod(MethodInvocationHelper.java:139)
at org.testng.internal.invokers.TestInvoker.invokeMethod(TestInvoker.java:664)
at org.testng.internal.invokers.TestInvoker.invokeTestMethod(TestInvoker.java:227)
at org.testng.internal.invokers.MethodRunner.runInSequence(MethodRunner.java:50)
at org.testng.internal.invokers.TestInvoker$MethodInvocationAgent.invoke(TestInvoker.java:957)
at org.testng.internal.invokers.TestInvoker.invokeTestMethods(TestInvoker.java:200)
at org.testng.internal.invokers.TestMethodWorker.invokeTestMethods(TestMethodWorker.java:148)
at org.testng.internal.invokers.TestMethodWorker.run(TestMethodWorker.java:128)
at java.base/java.util.ArrayList.forEach(ArrayList.java:1511)
at org.testng.TestRunner.privateRun(TestRunner.java:848)
at org.testng.TestRunner.run(TestRunner.java:621)
at org.testng.SuiteRunner.runTest(SuiteRunner.java:443)
at org.testng.SuiteRunner.runSequentially(SuiteRunner.java:437)
at org.testng.SuiteRunner.privateRun(SuiteRunner.java:397)
at org.testng.SuiteRunner.run(SuiteRunner.java:336)
at org.testng.SuiteRunnerWorker.runSuite(SuiteRunnerWorker.java:52)
at org.testng.SuiteRunnerWorker.run(SuiteRunnerWorker.java:95)
at org.testng.TestNG.runSuitesSequentially(TestNG.java:1280)
at org.testng.TestNG.runSuitesLocally(TestNG.java:1200)
at org.testng.TestNG.runSuites(TestNG.java:1114)
at org.testng.TestNG.run(TestNG.java:1082)
at org.testng.remote.AbstractRemoteTestNG.run(AbstractRemoteTestNG.java:115)
at org.testng.remote.RemoteTestNG.initAndRun(RemoteTestNG.java:251)
at org.testng.remote.RemoteTestNG.main(RemoteTestNG.java:77)
]]>
            </full-stacktrace>
          </exception> <!-- java.lang.AssertionError -->
          <reporter-output>
          </reporter-output>
        </test-method> <!-- getSingleRecordByFiresName -->
        <test-method signature="createStudentDataTest()[pri:0, instance:com.College.Tests.StudentsCrudTest@5b218417]" started-at="2024-02-21T22:44:41 EST" name="createStudentDataTest" finished-at="2024-02-21T22:44:42 EST" duration-ms="51" status="PASS">
          <reporter-output>
          </reporter-output>
        </test-method> <!-- createStudentDataTest -->
        <test-method signature="updateStudentData()[pri:0, instance:com.College.Tests.StudentsCrudTest@5b218417]" started-at="2024-02-21T22:44:42 EST" name="updateStudentData" finished-at="2024-02-21T22:44:42 EST" duration-ms="53" status="PASS">
          <reporter-output>
          </reporter-output>
        </test-method> <!-- updateStudentData -->
        <test-method signature="deleteSingleRecord()[pri:0, instance:com.College.Tests.StudentsCrudTest@5b218417]" started-at="2024-02-21T22:44:42 EST" name="deleteSingleRecord" finished-at="2024-02-21T22:44:42 EST" duration-ms="49" status="PASS">
          <reporter-output>
          </reporter-output>
        </test-method> <!-- deleteSingleRecord -->
      </class> <!-- com.College.Tests.StudentsCrudTest -->
    </test> <!-- Regression Suit for Students -->
  </suite> <!-- Suite -->
</testng-results>
